<?xml version="1.0" encoding="UTF-8"?>
<!-- Generated by org.testng.reporters.JUnitReportReporter -->
<testsuite skipped="0" hostname="SILICUS330" name="automation.tests.worklistCreatorTests.WorklistCreatorTabPageTests" tests="1" failures="0" timestamp="05 Nov 2019 11:27:39 GMT" time="14.994" errors="0">
  <testcase name="verifyWorklistCreatorTab" time="14.994" classname="automation.tests.worklistCreatorTests.WorklistCreatorTabPageTests"/>
</testsuite> <!-- automation.tests.worklistCreatorTests.WorklistCreatorTabPageTests -->
