<?xml version="1.0" encoding="UTF-8"?>
<!-- Generated by org.testng.reporters.JUnitReportReporter -->
<testsuite skipped="0" hostname="SILICUS330" name="automation.tests.SummaryPageTest" tests="3" failures="0" timestamp="30 Sep 2019 12:52:56 GMT" time="250.520" errors="0">
  <testcase name="verifyNegativeScorestInSummaryTab" time="30.096" classname="automation.tests.SummaryPageTest"/>
  <testcase name="verifyStrikeDisplayedForDeletedRecordOnPdpAndSummaryTab" time="110.011" classname="automation.tests.SummaryPageTest"/>
  <testcase name="verifyDeletedRecordsInSummaryTab" time="110.413" classname="automation.tests.SummaryPageTest"/>
</testsuite> <!-- automation.tests.SummaryPageTest -->
