<?xml version="1.0" encoding="UTF-8"?>
<!-- Generated by org.testng.reporters.JUnitReportReporter -->
<testsuite skipped="0" hostname="SILICUS253" name="automation.tests.PatientSummaryPageTest" tests="2" failures="0" timestamp="23 Sep 2019 04:49:37 GMT" time="84.428" errors="0">
  <testcase name="verifyNegativeScorestInSummaryTab" time="40.167" classname="automation.tests.PatientSummaryPageTest"/>
  <testcase name="verifyDeletedRecordsInSummaryTab" time="44.261" classname="automation.tests.PatientSummaryPageTest"/>
</testsuite> <!-- automation.tests.PatientSummaryPageTest -->
