<?xml version="1.0" encoding="UTF-8"?>
<!-- Generated by org.testng.reporters.JUnitReportReporter -->
<testsuite skipped="0" hostname="SILICUS484" name="automation.tests.LoginPageTest" tests="1" failures="0" timestamp="30 Sep 2019 14:51:43 GMT" time="21.918" errors="0">
  <testcase name="loginTest" time="21.918" classname="automation.tests.LoginPageTest"/>
</testsuite> <!-- automation.tests.LoginPageTest -->
