<?xml version="1.0" encoding="UTF-8"?>
<!-- Generated by org.testng.reporters.JUnitReportReporter -->
<testsuite skipped="0" hostname="SILICUS253" name="automation.tests.PatientDashboardPageTest" tests="2" failures="0" timestamp="20 Sep 2019 12:36:31 GMT" time="77.629" errors="0">
  <testcase name="verifySummaryTabInPatientDashboard" time="38.818" classname="automation.tests.PatientDashboardPageTest"/>
  <testcase name="verifyDeletedRecords" time="38.811" classname="automation.tests.PatientDashboardPageTest"/>
</testsuite> <!-- automation.tests.PatientDashboardPageTest -->
