<?xml version="1.0" encoding="UTF-8"?>
<!-- Generated by org.testng.reporters.JUnitReportReporter -->
<testsuite skipped="0" hostname="SILICUS330" name="automation.tests.StandardReportPageTest" tests="1" failures="0" timestamp="30 Sep 2019 12:52:56 GMT" time="100.006" errors="0">
  <testcase name="verifyStandardReport" time="100.006" classname="automation.tests.StandardReportPageTest"/>
</testsuite> <!-- automation.tests.StandardReportPageTest -->
