<?xml version="1.0" encoding="UTF-8"?>
<!-- Generated by org.testng.reporters.JUnitReportReporter -->
<testsuite skipped="0" hostname="SILICUS330" name="automation.tests.WorklistCreatorPageTest" tests="2" failures="0" timestamp="30 Sep 2019 12:52:56 GMT" time="105.275" errors="0">
  <testcase name="verify_worklistcreaotrtest" time="41.198" classname="automation.tests.WorklistCreatorPageTest"/>
  <testcase name="verify_steps_inwizard" time="64.077" classname="automation.tests.WorklistCreatorPageTest"/>
</testsuite> <!-- automation.tests.WorklistCreatorPageTest -->
