<?xml version="1.0" encoding="UTF-8"?>
<!-- Generated by org.testng.reporters.JUnitReportReporter -->
<testsuite skipped="0" hostname="SILICUS379" name="testCase.Demo" tests="1" failures="0" timestamp="04 Mar 2020 09:32:15 GMT" time="49.583" errors="0">
  <testcase name="verifyEvidenceAutoscrollLock" time="49.583" classname="testCase.Demo"/>
</testsuite> <!-- testCase.Demo -->
