<?xml version="1.0" encoding="UTF-8"?>
<!-- Generated by org.testng.reporters.JUnitReportReporter -->
<testsuite skipped="0" hostname="SILICUS379" name="automation.tests.loginTests.LoginPageTests" tests="1" failures="0" timestamp="19 Feb 2020 06:18:16 GMT" time="58371.301" errors="0">
  <testcase name="loginTest" time="58371.301" classname="automation.tests.loginTests.LoginPageTests"/>
</testsuite> <!-- automation.tests.loginTests.LoginPageTests -->
