<?xml version="1.0" encoding="UTF-8"?>
<!-- Generated by org.testng.reporters.JUnitReportReporter -->
<testsuite skipped="0" hostname="SILICUS253" name="automation.tests.VerifyNSFDropDownTest" tests="1" failures="0" timestamp="28 Sep 2019 01:54:44 GMT" time="51.845" errors="0">
  <testcase name="verifyNSFDropDown" time="51.845" classname="automation.tests.VerifyNSFDropDownTest"/>
</testsuite> <!-- automation.tests.VerifyNSFDropDownTest -->
