<?xml version="1.0" encoding="UTF-8"?>
<!-- Generated by org.testng.reporters.JUnitReportReporter -->
<testsuite skipped="0" hostname="SILICUS330" name="automation.tests.ChartCodeCompletePageTest" tests="2" failures="0" timestamp="30 Sep 2019 12:52:56 GMT" time="194.902" errors="0">
  <testcase name="Verify_code_complete" time="69.433" classname="automation.tests.ChartCodeCompletePageTest"/>
  <testcase name="QA_Coding_Complete_Validation_Test" time="125.469" classname="automation.tests.ChartCodeCompletePageTest"/>
</testsuite> <!-- automation.tests.ChartCodeCompletePageTest -->
