<?xml version="1.0" encoding="UTF-8"?>
<!-- Generated by org.testng.reporters.JUnitReportReporter -->
<testsuite skipped="0" hostname="SILICUS330" name="automation.tests.HomePageTest" tests="1" failures="0" timestamp="30 Sep 2019 12:52:56 GMT" time="38.590" errors="0">
  <testcase name="verifyFiltersOnWorkList" time="38.590" classname="automation.tests.HomePageTest"/>
</testsuite> <!-- automation.tests.HomePageTest -->
