<?xml version="1.0" encoding="UTF-8"?>
<!-- Generated by org.testng.reporters.JUnitReportReporter -->
<testsuite skipped="0" hostname="SILICUS253" name="automation.tests.PatientActivityLogPageTest" tests="1" failures="0" timestamp="23 Sep 2019 12:53:02 GMT" time="45.650" errors="0">
  <testcase name="verifyActivitiesInActivityLog" time="45.650" classname="automation.tests.PatientActivityLogPageTest"/>
</testsuite> <!-- automation.tests.PatientActivityLogPageTest -->
