<?xml version="1.0" encoding="UTF-8"?>
<!-- Generated by org.testng.reporters.JUnitReportReporter -->
<testsuite skipped="0" hostname="SILICUS330" name="automation.tests.ActivityLogPageTest" tests="1" failures="0" timestamp="30 Sep 2019 12:52:56 GMT" time="27.240" errors="0">
  <testcase name="verifyActivitiesInActivityLog" time="27.240" classname="automation.tests.ActivityLogPageTest"/>
</testsuite> <!-- automation.tests.ActivityLogPageTest -->
